Removed Pin From Net: NetName=NetD2_1 Pin=MCU-12
Removed Pin From Net: NetName=GND Pin=R9-2
Removed Pin From Net: NetName=GND Pin=Y1-3
Removed Pin From Net: NetName=GND Pin=Y1-3
Added Component: Designator=chg1(mSOP10)
Added Pin To Net: NetName=VUSB Pin=chg1-1
Added Pin To Net: NetName=Netchg1_2 Pin=chg1-2
Added Pin To Net: NetName=GND Pin=chg1-3
Added Pin To Net: NetName=Netchg1_4 Pin=chg1-4
Added Pin To Net: NetName=Netchg1_7 Pin=chg1-7
Added Pin To Net: NetName=Netchg1_8 Pin=chg1-8
Added Pin To Net: NetName=Netchg1_9 Pin=chg1-9
Added Pin To Net: NetName=VBAT Pin=chg1-10
Added Pin To Net: NetName=Netchg1_7 Pin=D2-2
Added Pin To Net: NetName=NetJS1_B1A Pin=JS1-B1A
Added Pin To Net: NetName=NetJS1_B1A Pin=MCU-12
Added Pin To Net: NetName=NetJS2_B1A Pin=MCU-18
Added Pin To Net: NetName=NetJ2_16 Pin=MCU-19
Added Pin To Net: NetName=NetJ2_15 Pin=MCU-20
Added Pin To Net: NetName=NetJ2_14 Pin=MCU-21
Added Pin To Net: NetName=NetJ2_13 Pin=MCU-22
Added Pin To Net: NetName=NetJ2_11 Pin=MCU-25
Added Pin To Net: NetName=NetJ2_12 Pin=MCU-26
Added Pin To Net: NetName=NetJ2_9 Pin=MCU-27
Added Pin To Net: NetName=NetJ2_8 Pin=MCU-28
Added Pin To Net: NetName=NetJ2_7 Pin=MCU-29
Added Pin To Net: NetName=NetJ2_6 Pin=MCU-30
Added Pin To Net: NetName=NetJ2_5 Pin=MCU-31
Added Pin To Net: NetName=NetJ2_4 Pin=MCU-32
Added Pin To Net: NetName=NetJ2_3 Pin=MCU-33
Added Pin To Net: NetName=NetJ2_2 Pin=MCU-36
Added Pin To Net: NetName=NetJ2_1 Pin=MCU-37
Added Pin To Net: NetName=VCC Pin=R9-1
Added Pin To Net: NetName=NetD2_1 Pin=R9-2
Added Member To Class: ClassName=U_power Member=Component chg1 BQ24090
