Removed Pin From Net: NetName=GND Pin=J2-0
Removed Pin From Net: NetName=GND Pin=J2-0
Removed Pin From Net: NetName=GND Pin=VR1-4
Removed Pin From Net: NetName=GND Pin=Y1-3
Removed Pin From Net: NetName=GND Pin=Y1-3
Added Component: Designator=JS?(Joystick)
Added Component: Designator=JS?(Joystick)
Added Pin To Net: NetName=VCC Pin=C11-1
Added Pin To Net: NetName=VCC Pin=MCU-6
Added Pin To Net: NetName=VCC Pin=MCU-14
Added Pin To Net: NetName=VCC Pin=MCU-24
Added Pin To Net: NetName=VCC Pin=MCU-34
Added Pin To Net: NetName=VCC Pin=MCU-42
Added Pin To Net: NetName=VCC Pin=MCU-44
Added Pin To Net: NetName=NetJS?_B1A Pin=JS?-B1A
Added Net: Name=NetJS?_B1A
Added Pin To Net: NetName=NetJS?_H2 Pin=JS?-H2
Added Net: Name=NetJS?_H2
Added Pin To Net: NetName=NetJS?_V2 Pin=JS?-V2
Added Net: Name=NetJS?_V2
Added Class: Name=U_joysticks
Added Room: Name=U_joysticks
