Change Component Footprint: Designator=J1 Old Footprint=5000750517 New Footprint=HDR1X4
Added Component: Designator=P2(MHDR1X10)
Added Component: Designator=P3(HDR1X10)
Added Pin To Net: NetName=Net16mhz xtal_1 Pin=16mhz xtal-1
Added Pin To Net: NetName=GND Pin=16mhz xtal-2
Added Pin To Net: NetName=Net16mhz xtal_3 Pin=16mhz xtal-3
Added Pin To Net: NetName=GND Pin=C2-1
Added Pin To Net: NetName=VCC Pin=C2-2
Added Pin To Net: NetName=GND Pin=C3-1
Added Pin To Net: NetName=VDD Pin=C3-2
Added Pin To Net: NetName=GND Pin=C4-1
Added Pin To Net: NetName=VUSB Pin=C4-2
Added Pin To Net: NetName=GND Pin=C5-1
Added Pin To Net: NetName=VCC Pin=C5-2
Added Pin To Net: NetName=GND Pin=C6-1
Added Pin To Net: NetName=NetC6_2 Pin=C6-2
Added Pin To Net: NetName=GND Pin=C7-1
Added Pin To Net: NetName=NetC7_2 Pin=C7-2
Added Pin To Net: NetName=GND Pin=C8-1
Added Pin To Net: NetName=VDD Pin=C8-2
Added Pin To Net: NetName=NetC9_1 Pin=C9-1
Added Pin To Net: NetName=GND Pin=C9-2
Added Pin To Net: NetName=VDD Pin=C10-1
Added Pin To Net: NetName=GND Pin=C10-2
Added Pin To Net: NetName=VCC Pin=C11-1
Added Pin To Net: NetName=GND Pin=C11-2
Added Pin To Net: NetName=NetE1_1 Pin=E1-1
Added Pin To Net: NetName=VUSB Pin=J1-1
Added Pin To Net: NetName=NetJ1_2 Pin=J1-2
Added Pin To Net: NetName=NetJ1_3 Pin=J1-3
Added Pin To Net: NetName=GND Pin=J1-4
Added Pin To Net: NetName=GND Pin=J1-4
Added Pin To Net: NetName=GND Pin=J1-4
Added Pin To Net: NetName=NetE1_1 Pin=L1-1
Added Pin To Net: NetName=NetC9_1 Pin=L1-2
Added Pin To Net: NetName=NetJ1_3 Pin=MCU-3
Added Pin To Net: NetName=NetJ1_2 Pin=MCU-4
Added Pin To Net: NetName=GND Pin=MCU-5
Added Pin To Net: NetName=VCC Pin=MCU-6
Added Pin To Net: NetName=VUSB Pin=MCU-7
Added Pin To Net: NetName=NetMCU_8 Pin=MCU-8
Added Pin To Net: NetName=NetMCU_9 Pin=MCU-9
Added Pin To Net: NetName=NetMCU_10 Pin=MCU-10
Added Pin To Net: NetName=NetMCU_11 Pin=MCU-11
Added Pin To Net: NetName=VCC Pin=MCU-14
Added Pin To Net: NetName=GND Pin=MCU-15
Added Pin To Net: NetName=Net16mhz xtal_3 Pin=MCU-16
Added Pin To Net: NetName=Net16mhz xtal_1 Pin=MCU-17
Added Pin To Net: NetName=GND Pin=MCU-23
Added Pin To Net: NetName=VCC Pin=MCU-24
Added Pin To Net: NetName=NetMCU_25 Pin=MCU-25
Added Pin To Net: NetName=NetMCU_26 Pin=MCU-26
Added Pin To Net: NetName=NetMCU_27 Pin=MCU-27
Added Pin To Net: NetName=NetMCU_28 Pin=MCU-28
Added Pin To Net: NetName=NetMCU_29 Pin=MCU-29
Added Pin To Net: NetName=NetMCU_30 Pin=MCU-30
Added Pin To Net: NetName=NetMCU_31 Pin=MCU-31
Added Pin To Net: NetName=NetMCU_32 Pin=MCU-32
Added Pin To Net: NetName=VCC Pin=MCU-34
Added Pin To Net: NetName=GND Pin=MCU-35
Added Pin To Net: NetName=VCC Pin=MCU-42
Added Pin To Net: NetName=GND Pin=MCU-43
Added Pin To Net: NetName=VCC Pin=MCU-44
Added Pin To Net: NetName=NetE1_1 Pin=P1-1
Added Pin To Net: NetName=GND Pin=P1-2
Added Pin To Net: NetName=GND Pin=P1-2
Added Pin To Net: NetName=NetP2_1 Pin=P2-1
Added Pin To Net: NetName=VUSB Pin=P2-2
Added Pin To Net: NetName=GND Pin=P2-3
Added Pin To Net: NetName=VBAT Pin=P2-6
Added Pin To Net: NetName=GND Pin=P3-1
Added Pin To Net: NetName=VBAT Pin=P3-2
Added Pin To Net: NetName=NetMCU_25 Pin=P3-3
Added Pin To Net: NetName=NetMCU_26 Pin=P3-4
Added Pin To Net: NetName=NetMCU_27 Pin=P3-5
Added Pin To Net: NetName=NetMCU_28 Pin=P3-6
Added Pin To Net: NetName=NetMCU_29 Pin=P3-7
Added Pin To Net: NetName=NetMCU_30 Pin=P3-8
Added Pin To Net: NetName=NetMCU_31 Pin=P3-9
Added Pin To Net: NetName=NetMCU_32 Pin=P3-10
Added Pin To Net: NetName=NetR3_1 Pin=R3-1
Added Pin To Net: NetName=VCC Pin=R3-2
Added Pin To Net: NetName=NetR6_1 Pin=R6-1
Added Pin To Net: NetName=NetC7_2 Pin=R6-2
Added Pin To Net: NetName=NetC6_2 Pin=R7-1
Added Pin To Net: NetName=NetR6_1 Pin=R7-2
Added Pin To Net: NetName=GND Pin=R8-1
Added Pin To Net: NetName=NetR8_2 Pin=R8-2
Added Pin To Net: NetName=NetR10_1 Pin=R10-1
Added Pin To Net: NetName=NetE1_1 Pin=R10-2
Added Pin To Net: NetName=NetR10_1 Pin=R11-1
Added Pin To Net: NetName=GND Pin=R11-2
Added Pin To Net: NetName=VUSB Pin=VR1-1
Added Pin To Net: NetName=GND Pin=VR1-2
Added Pin To Net: NetName=VCC Pin=VR1-3
Added Pin To Net: NetName=VDD Pin=XCVR-1
Added Pin To Net: NetName=VDD Pin=XCVR-2
Added Pin To Net: NetName=NetR8_2 Pin=XCVR-3
Added Pin To Net: NetName=NetC9_1 Pin=XCVR-4
Added Pin To Net: NetName=VDD Pin=XCVR-5
Added Pin To Net: NetName=VDD Pin=XCVR-8
Added Pin To Net: NetName=VDD Pin=XCVR-9
Added Pin To Net: NetName=VCC Pin=XCVR-11
Added Pin To Net: NetName=GND Pin=XCVR-12
Added Pin To Net: NetName=NetMCU_8 Pin=XCVR-13
Added Pin To Net: NetName=NetMCU_9 Pin=XCVR-15
Added Pin To Net: NetName=NetMCU_10 Pin=XCVR-16
Added Pin To Net: NetName=NetMCU_11 Pin=XCVR-17
Added Pin To Net: NetName=NetR3_1 Pin=XCVR-18
Added Pin To Net: NetName=VDD Pin=XCVR-19
Added Pin To Net: NetName=VCC Pin=XCVR-20
Added Pin To Net: NetName=VDD Pin=XCVR-21
Added Pin To Net: NetName=VDD Pin=XCVR-22
Added Pin To Net: NetName=NetR6_1 Pin=XCVR-23
Added Pin To Net: NetName=NetC7_2 Pin=XCVR-24
Added Pin To Net: NetName=GND Pin=XCVR-25
Added Pin To Net: NetName=NetC6_2 Pin=Y1-1
Added Pin To Net: NetName=NetC7_2 Pin=Y1-2
Added Member To Class: ClassName=vehicle Member=Component P2 MHDR1X10
Added Member To Class: ClassName=vehicle Member=Component P3 Header 10
