Removed Pin From Net: NetName=NetMCU_29 Pin=P3-3
Removed Pin From Net: NetName=NetMCU_30 Pin=P3-4
Removed Pin From Net: NetName=NetMCU_31 Pin=P3-5
Removed Pin From Net: NetName=NetMCU_32 Pin=P3-6
Removed Pin From Net: NetName=NetMCU_22 Pin=P3-7
Removed Pin From Net: NetName=NetMCU_26 Pin=P3-8
Removed Pin From Net: NetName=NetMCU_27 Pin=P3-9
Removed Pin From Net: NetName=NetMCU_28 Pin=P3-10
Added Component: Designator=P2(MHDR1X10)
Added Pin To Net: NetName=NetP2_1 Pin=P2-1
Added Pin To Net: NetName=VUSB Pin=P2-2
Added Pin To Net: NetName=GND Pin=P2-3
Added Pin To Net: NetName=VBAT Pin=P2-6
Added Pin To Net: NetName=NetMCU_22 Pin=P3-3
Added Pin To Net: NetName=NetMCU_26 Pin=P3-4
Added Pin To Net: NetName=NetMCU_27 Pin=P3-5
Added Pin To Net: NetName=NetMCU_28 Pin=P3-6
Added Pin To Net: NetName=NetMCU_29 Pin=P3-7
Added Pin To Net: NetName=NetMCU_30 Pin=P3-8
Added Pin To Net: NetName=NetMCU_31 Pin=P3-9
Added Pin To Net: NetName=NetMCU_32 Pin=P3-10
Added Member To Class: ClassName=vehicle Member=Component P2 MHDR1X10
