Removed Pin From Net: NetName=GND Pin=J1-5
Removed Pin From Net: NetName=GND Pin=J1-6
Removed Pin From Net: NetName=GND Pin=J1-7
Removed Pin From Net: NetName=GND Pin=VR1-4
Change Component Footprint: Designator=J1 Old Footprint=5000750517 New Footprint=HDR1X4
Added Component: Designator=P2(MHDR1X10)
Added Component: Designator=P3(HDR1X10)
Added Pin To Net: NetName=GND Pin=J1-4
Added Pin To Net: NetName=GND Pin=J1-4
Added Pin To Net: NetName=GND Pin=J1-4
Added Pin To Net: NetName=VUSB Pin=P2-2
Added Pin To Net: NetName=GND Pin=P2-3
Added Pin To Net: NetName=GND Pin=P3-1
Added Pin To Net: NetName=NetMCU_22 Pin=MCU-22
Added Pin To Net: NetName=NetMCU_22 Pin=P3-7
Added Net: Name=NetMCU_22
Added Pin To Net: NetName=NetMCU_26 Pin=MCU-26
Added Pin To Net: NetName=NetMCU_26 Pin=P3-8
Added Net: Name=NetMCU_26
Added Pin To Net: NetName=NetMCU_27 Pin=MCU-27
Added Pin To Net: NetName=NetMCU_27 Pin=P3-9
Added Net: Name=NetMCU_27
Added Pin To Net: NetName=NetMCU_28 Pin=MCU-28
Added Pin To Net: NetName=NetMCU_28 Pin=P3-10
Added Net: Name=NetMCU_28
Added Pin To Net: NetName=NetMCU_29 Pin=MCU-29
Added Pin To Net: NetName=NetMCU_29 Pin=P3-3
Added Net: Name=NetMCU_29
Added Pin To Net: NetName=NetMCU_30 Pin=MCU-30
Added Pin To Net: NetName=NetMCU_30 Pin=P3-4
Added Net: Name=NetMCU_30
Added Pin To Net: NetName=NetMCU_31 Pin=MCU-31
Added Pin To Net: NetName=NetMCU_31 Pin=P3-5
Added Net: Name=NetMCU_31
Added Pin To Net: NetName=NetMCU_32 Pin=MCU-32
Added Pin To Net: NetName=NetMCU_32 Pin=P3-6
Added Net: Name=NetMCU_32
Added Pin To Net: NetName=NetP2_1 Pin=P2-1
Added Net: Name=NetP2_1
Added Pin To Net: NetName=VBAT Pin=P2-6
Added Pin To Net: NetName=VBAT Pin=P3-2
Added Net: Name=VBAT
Change Class Name : Old Net Name=U_xcvr New Net Name=vehicle
Added Member To Class: ClassName=vehicle Member=Component 16mhz xtal NCSTCE16M0V53-R0
Added Member To Class: ClassName=vehicle Member=Component C4 Cap Semi
Added Member To Class: ClassName=vehicle Member=Component C5 Cap Semi
Added Member To Class: ClassName=vehicle Member=Component C11 Cap Semi
Added Member To Class: ClassName=vehicle Member=Component J1 5000750517
Added Member To Class: ClassName=vehicle Member=Component MCU ATMega32u4
Added Member To Class: ClassName=vehicle Member=Component P2 MHDR1X10
Added Member To Class: ClassName=vehicle Member=Component P3 Header 10
Added Member To Class: ClassName=vehicle Member=Component VR1 NCP1117ST33T3G
Added Room: Name=vehicle
